# JRE version: OpenJDK Runtime Environment 18.9 (11.0.13+8) (build 11.0.13+8)
# Java VM: OpenJDK 64-Bit Server VM 18.9 (11.0.13+8, mixed mode, tiered, compressed oops, g1 gc, windows-amd64)
Heap:
 garbage-first heap   total 114688K, used 69652K [0x00000000c1c00000, 0x0000000100000000)
  region size 1024K, 7 young (7168K), 4 survivors (4096K)
 Metaspace       used 60856K, capacity 61576K, committed 61824K, reserved 1103872K
  class space    used 6458K, capacity 6694K, committed 6784K, reserved 1048576K
GC Heap History (20 events):
Event: 7.082 GC heap before
{Heap before GC invocations=11 (full 0):
 garbage-first heap   total 78848K, used 55814K [0x00000000c1c00000, 0x0000000100000000)
  region size 1024K, 28 young (28672K), 4 survivors (4096K)
 Metaspace       used 50626K, capacity 51213K, committed 51328K, reserved 1095680K
  class space    used 5774K, capacity 5997K, committed 6016K, reserved 1048576K
}
Event: 7.099 GC heap after
{Heap after GC invocations=12 (full 0):
 garbage-first heap   total 95232K, used 36513K [0x00000000c1c00000, 0x0000000100000000)
  region size 1024K, 4 young (4096K), 4 survivors (4096K)
 Metaspace       used 50626K, capacity 51213K, committed 51328K, reserved 1095680K
  class space    used 5774K, capacity 5997K, committed 6016K, reserved 1048576K
}
Event: 7.332 GC heap before
{Heap before GC invocations=12 (full 0):
 garbage-first heap   total 95232K, used 66209K [0x00000000c1c00000, 0x0000000100000000)
  region size 1024K, 32 young (32768K), 4 survivors (4096K)
 Metaspace       used 51244K, capacity 51790K, committed 51968K, reserved 1095680K
  class space    used 5830K, capacity 6061K, committed 6144K, reserved 1048576K
}
Event: 7.348 GC heap after
{Heap after GC invocations=13 (full 0):
 garbage-first heap   total 95232K, used 38882K [0x00000000c1c00000, 0x0000000100000000)
  region size 1024K, 3 young (3072K), 3 survivors (3072K)
 Metaspace       used 51244K, capacity 51790K, committed 51968K, reserved 1095680K
  class space    used 5830K, capacity 6061K, committed 6144K, reserved 1048576K
}
Event: 8.527 GC heap before
{Heap before GC invocations=13 (full 0):
 garbage-first heap   total 95232K, used 67554K [0x00000000c1c00000, 0x0000000100000000)
  region size 1024K, 31 young (31744K), 3 survivors (3072K)
 Metaspace       used 53525K, capacity 54110K, committed 54144K, reserved 1097728K
  class space    used 6011K, capacity 6244K, committed 6272K, reserved 1048576K
}
Event: 8.545 GC heap after
{Heap after GC invocations=14 (full 0):
 garbage-first heap   total 95232K, used 43675K [0x00000000c1c00000, 0x0000000100000000)
  region size 1024K, 4 young (4096K), 4 survivors (4096K)
 Metaspace       used 53525K, capacity 54110K, committed 54144K, reserved 1097728K
  class space    used 6011K, capacity 6244K, committed 6272K, reserved 1048576K
}
Event: 9.124 GC heap before
{Heap before GC invocations=14 (full 0):
 garbage-first heap   total 95232K, used 70299K [0x00000000c1c00000, 0x0000000100000000)
  region size 1024K, 30 young (30720K), 4 survivors (4096K)
 Metaspace       used 54799K, capacity 55407K, committed 55552K, reserved 1097728K
  class space    used 6084K, capacity 6314K, committed 6400K, reserved 1048576K
}
Event: 9.144 GC heap after
{Heap after GC invocations=15 (full 0):
 garbage-first heap   total 95232K, used 48727K [0x00000000c1c00000, 0x0000000100000000)
  region size 1024K, 4 young (4096K), 4 survivors (4096K)
 Metaspace       used 54799K, capacity 55407K, committed 55552K, reserved 1097728K
  class space    used 6084K, capacity 6314K, committed 6400K, reserved 1048576K
}
Event: 9.362 GC heap before
{Heap before GC invocations=15 (full 0):
 garbage-first heap   total 95232K, used 73303K [0x00000000c1c00000, 0x0000000100000000)
  region size 1024K, 28 young (28672K), 4 survivors (4096K)
 Metaspace       used 54904K, capacity 55536K, committed 55808K, reserved 1099776K
  class space    used 6085K, capacity 6314K, committed 6400K, reserved 1048576K
}
Event: 9.382 GC heap after
{Heap after GC invocations=16 (full 0):
 garbage-first heap   total 114688K, used 53076K [0x00000000c1c00000, 0x0000000100000000)
  region size 1024K, 4 young (4096K), 4 survivors (4096K)
 Metaspace       used 54904K, capacity 55536K, committed 55808K, reserved 1099776K
  class space    used 6085K, capacity 6314K, committed 6400K, reserved 1048576K
}
Event: 10.488 GC heap before
{Heap before GC invocations=17 (full 0):
 garbage-first heap   total 114688K, used 81748K [0x00000000c1c00000, 0x0000000100000000)
  region size 1024K, 32 young (32768K), 4 survivors (4096K)
 Metaspace       used 56595K, capacity 57266K, committed 57472K, reserved 1099776K
  class space    used 6218K, capacity 6465K, committed 6528K, reserved 1048576K
}
Event: 10.499 GC heap after
{Heap after GC invocations=18 (full 0):
 garbage-first heap   total 114688K, used 56121K [0x00000000c1c00000, 0x0000000100000000)
  region size 1024K, 3 young (3072K), 3 survivors (3072K)
 Metaspace       used 56595K, capacity 57266K, committed 57472K, reserved 1099776K
  class space    used 6218K, capacity 6465K, committed 6528K, reserved 1048576K
}
Event: 11.980 GC heap before
{Heap before GC invocations=18 (full 0):
 garbage-first heap   total 114688K, used 84793K [0x00000000c1c00000, 0x0000000100000000)
  region size 1024K, 31 young (31744K), 3 survivors (3072K)
 Metaspace       used 58970K, capacity 59636K, committed 59904K, reserved 1101824K
  class space    used 6360K, capacity 6608K, committed 6656K, reserved 1048576K
}
Event: 11.993 GC heap after
{Heap after GC invocations=19 (full 0):
 garbage-first heap   total 114688K, used 59281K [0x00000000c1c00000, 0x0000000100000000)
  region size 1024K, 3 young (3072K), 3 survivors (3072K)
 Metaspace       used 58970K, capacity 59636K, committed 59904K, reserved 1101824K
  class space    used 6360K, capacity 6608K, committed 6656K, reserved 1048576K
}
Event: 13.707 GC heap before
{Heap before GC invocations=20 (full 0):
 garbage-first heap   total 114688K, used 79761K [0x00000000c1c00000, 0x0000000100000000)
  region size 1024K, 24 young (24576K), 3 survivors (3072K)
 Metaspace       used 60003K, capacity 60677K, committed 60928K, reserved 1103872K
  class space    used 6416K, capacity 6651K, committed 6656K, reserved 1048576K
}
Event: 13.726 GC heap after
{Heap after GC invocations=21 (full 0):
 garbage-first heap   total 114688K, used 61865K [0x00000000c1c00000, 0x0000000100000000)
  region size 1024K, 3 young (3072K), 3 survivors (3072K)
 Metaspace       used 60003K, capacity 60677K, committed 60928K, reserved 1103872K
  class space    used 6416K, capacity 6651K, committed 6656K, reserved 1048576K
}
Event: 14.379 GC heap before
{Heap before GC invocations=22 (full 0):
 garbage-first heap   total 114688K, used 75177K [0x00000000c1c00000, 0x0000000100000000)
  region size 1024K, 16 young (16384K), 3 survivors (3072K)
 Metaspace       used 60251K, capacity 60891K, committed 61056K, reserved 1103872K
  class space    used 6428K, capacity 6659K, committed 6784K, reserved 1048576K
}
Event: 14.391 GC heap after
{Heap after GC invocations=23 (full 0):
 garbage-first heap   total 114688K, used 63737K [0x00000000c1c00000, 0x0000000100000000)
  region size 1024K, 2 young (2048K), 2 survivors (2048K)
 Metaspace       used 60251K, capacity 60891K, committed 61056K, reserved 1103872K
  class space    used 6428K, capacity 6659K, committed 6784K, reserved 1048576K
}
Event: 15.715 GC heap before
{Heap before GC invocations=24 (full 0):
 garbage-first heap   total 114688K, used 90361K [0x00000000c1c00000, 0x0000000100000000)
  region size 1024K, 26 young (26624K), 2 survivors (2048K)
 Metaspace       used 60808K, capacity 61512K, committed 61824K, reserved 1103872K
  class space    used 6458K, capacity 6694K, committed 6784K, reserved 1048576K
}
Event: 15.733 GC heap after
{Heap after GC invocations=25 (full 0):
 garbage-first heap   total 114688K, used 67604K [0x00000000c1c00000, 0x0000000100000000)
  region size 1024K, 4 young (4096K), 4 survivors (4096K)
 Metaspace       used 60808K, capacity 61512K, committed 61824K, reserved 1103872K
  class space    used 6458K, capacity 6694K, committed 6784K, reserved 1048576K
}

